<?xml version="1.0" encoding="UTF-8"?>
<!-- Generated by org.testng.reporters.JUnitReportReporter -->
<testsuite skipped="0" hostname="DESKTOP-RLPJLFH" name="com.QA.TestCasesForPages.LoginPageTest" tests="2" failures="0" timestamp="04 May 2018 20:10:14 GMT" time="26.778" errors="0">
  <testcase name="loginPageTitleTest" time="13.776" classname="com.QA.TestCasesForPages.LoginPageTest"/>
  <testcase name="CRMLogo" time="13.002" classname="com.QA.TestCasesForPages.LoginPageTest"/>
</testsuite> <!-- com.QA.TestCasesForPages.LoginPageTest -->
