<?xml version="1.0" encoding="UTF-8"?>
<!-- Generated by org.testng.reporters.JUnitReportReporter -->
<testsuite skipped="0" hostname="DESKTOP-RLPJLFH" name="com.QA.TestCasesForPages.UserHomePageTest" tests="2" failures="0" timestamp="04 May 2018 20:10:14 GMT" time="81.047" errors="0">
  <testcase name="VerifyHomePageTitleTest" time="25.987" classname="com.QA.TestCasesForPages.UserHomePageTest"/>
  <testcase name="contactsLink" time="55.060" classname="com.QA.TestCasesForPages.UserHomePageTest"/>
</testsuite> <!-- com.QA.TestCasesForPages.UserHomePageTest -->
